-----------------------------------------------------------------------------

Input images    : late_g_data.fits,late_r_data.fits,late_i_data.fits,late_z_data.fits,late_y_data.fits [7:238,8:239] 
Init. par. file : late_config.feedme 
Restart file    : late_results.galfit.01 
Output image    : late_results.fits 

 g  : sky       : [122.50, 123.50]  [0.00e+00]  [0.00e+00]  [0.00e+00]
                                [0.00e+00]  [0.00e+00]  [0.00e+00]
 r  : sky       : [122.50, 123.50]  [0.00e+00]  [0.00e+00]  [0.00e+00]
                                [0.00e+00]  [0.00e+00]  [0.00e+00]
 i  : sky       : [122.50, 123.50]  [0.00e+00]  [0.00e+00]  [0.00e+00]
                                [0.00e+00]  [0.00e+00]  [0.00e+00]
 z  : sky       : [122.50, 123.50]  [0.00e+00]  [0.00e+00]  [0.00e+00]
                                [0.00e+00]  [0.00e+00]  [0.00e+00]
 y  : sky       : [122.50, 123.50]  [0.00e+00]  [0.00e+00]  [0.00e+00]
                                [0.00e+00]  [0.00e+00]  [0.00e+00]
 g  : psf       : (  122.42,   121.96)   18.11
                  (    0.00,     0.00)    0.00
 r  : psf       : (  122.42,   121.96)   17.55
                  (    0.00,     0.00)    0.00
 i  : psf       : (  122.42,   121.96)   17.30
                  (    0.00,     0.00)    0.00
 z  : psf       : (  122.42,   121.96)   17.07
                  (    0.00,     0.00)    0.00
 y  : psf       : (  122.42,   121.96)   16.97
                  (    0.00,     0.00)    0.00
 g  : sersic    : (  122.42,   121.96)   14.51     34.45    0.60    0.72    75.60
                  (    0.00,     0.00)    0.00      0.00    0.00    0.00     0.00
 r  : sersic    : (  122.42,   121.96)   13.95     34.12    0.70    0.72    75.60
                  (    0.00,     0.00)    0.00      0.00    0.00    0.00     0.00
 i  : sersic    : (  122.42,   121.96)   13.64     33.80    0.80    0.72    75.60
                  (    0.00,     0.00)    0.00      0.00    0.00    0.00     0.00
 z  : sersic    : (  122.42,   121.96)   13.47     33.53    0.88    0.72    75.60
                  (    0.00,     0.00)    0.00      0.00    0.00    0.00     0.00
 y  : sersic    : (  122.42,   121.96)   13.24     33.30    0.95    0.72    75.60
                  (    0.00,     0.00)    0.00      0.00    0.00    0.00     0.00
 g  : sersic    : (   54.57,   127.40)   17.07     16.47    0.57    0.31    21.46
                  (    0.00,     0.00)    0.00      0.00    0.00    0.00     0.00
 r  : sersic    : (   54.57,   127.40)   16.54     16.30    0.58    0.31    21.46
                  (    0.00,     0.00)    0.00      0.00    0.00    0.00     0.00
 i  : sersic    : (   54.57,   127.40)   16.18     16.13    0.59    0.31    21.46
                  (    0.00,     0.00)    0.00      0.00    0.00    0.00     0.00
 z  : sersic    : (   54.57,   127.40)   15.98     15.99    0.60    0.31    21.46
                  (    0.00,     0.00)    0.00      0.00    0.00    0.00     0.00
 y  : sersic    : (   54.57,   127.40)   15.78     15.87    0.61    0.31    21.46
                  (    0.00,     0.00)    0.00      0.00    0.00    0.00     0.00
 Chi^2 = 1193083.38279,  ndof = 269089
 Chi^2/nu = 4.434 

-----------------------------------------------------------------------------
-----------------------------------------------------------------------------

Input images    : early_g_data.fits,early_r_data.fits,early_i_data.fits,early_z_data.fits,early_y_data.fits [26:215,27:216] 
Init. par. file : early_config.feedme 
Restart file    : early_results.galfit.01 
Output image    : early_results.fits 

 g  : sky       : [120.50, 121.50]  [0.00e+00]  [0.00e+00]  [0.00e+00]
                                [0.00e+00]  [0.00e+00]  [0.00e+00]
 r  : sky       : [120.50, 121.50]  [0.00e+00]  [0.00e+00]  [0.00e+00]
                                [0.00e+00]  [0.00e+00]  [0.00e+00]
 i  : sky       : [120.50, 121.50]  [0.00e+00]  [0.00e+00]  [0.00e+00]
                                [0.00e+00]  [0.00e+00]  [0.00e+00]
 z  : sky       : [120.50, 121.50]  [0.00e+00]  [0.00e+00]  [0.00e+00]
                                [0.00e+00]  [0.00e+00]  [0.00e+00]
 y  : sky       : [120.50, 121.50]  [0.00e+00]  [0.00e+00]  [0.00e+00]
                                [0.00e+00]  [0.00e+00]  [0.00e+00]
 g  : psf       : (  120.41,   121.89)   18.18
                  (    0.00,     0.00)    0.00
 r  : psf       : (  120.41,   121.89)   17.98
                  (    0.00,     0.00)    0.00
 i  : psf       : (  120.41,   121.89)   17.37
                  (    0.00,     0.00)    0.00
 z  : psf       : (  120.41,   121.89)   17.58
                  (    0.00,     0.00)    0.00
 y  : psf       : (  120.41,   121.89)   17.36
                  (    0.00,     0.00)    0.00
 g  : sersic    : (  120.41,   121.89)   16.80     12.08    2.28    0.57   -18.64
                  (    0.00,     0.00)    0.00      0.00    0.00    0.00     0.00
 r  : sersic    : (  120.41,   121.89)   16.00     12.32    2.38    0.57   -18.64
                  (    0.00,     0.00)    0.00      0.00    0.00    0.00     0.00
 i  : sersic    : (  120.41,   121.89)   15.62     12.57    2.49    0.57   -18.64
                  (    0.00,     0.00)    0.00      0.00    0.00    0.00     0.00
 z  : sersic    : (  120.41,   121.89)   15.45     12.77    2.58    0.57   -18.64
                  (    0.00,     0.00)    0.00      0.00    0.00    0.00     0.00
 y  : sersic    : (  120.41,   121.89)   15.27     12.94    2.65    0.57   -18.64
                  (    0.00,     0.00)    0.00      0.00    0.00    0.00     0.00
 g  : sersic    : (  158.29,   146.03)   18.04     13.06    1.09    0.23    60.47
                  (    0.00,     0.00)    0.00      0.00    0.00    0.00     0.00
 r  : sersic    : (  158.29,   146.03)   17.58     12.82    1.10    0.23    60.47
                  (    0.00,     0.00)    0.00      0.00    0.00    0.00     0.00
 i  : sersic    : (  158.29,   146.03)   17.19     12.59    1.12    0.23    60.47
                  (    0.00,     0.00)    0.00      0.00    0.00    0.00     0.00
 z  : sersic    : (  158.29,   146.03)   17.12     12.40    1.13    0.23    60.47
                  (    0.00,     0.00)    0.00      0.00    0.00    0.00     0.00
 y  : sersic    : (  158.29,   146.03)   16.94     12.23    1.14    0.23    60.47
                  (    0.00,     0.00)    0.00      0.00    0.00    0.00     0.00
 Chi^2 = 251016.87324,  ndof = 178754
 Chi^2/nu = 1.404 

-----------------------------------------------------------------------------
-----------------------------------------------------------------------------

Input images    : late_g_data.fits,late_r_data.fits,late_i_data.fits,late_z_data.fits,late_y_data.fits [7:238,8:239] 
Init. par. file : late_config.feedme 
Restart file    : late_results.galfit.01 
Output image    : late_results.fits 

 g  : sky       : [122.50, 123.50]  [0.00e+00]  [0.00e+00]  [0.00e+00]
                                [0.00e+00]  [0.00e+00]  [0.00e+00]
 r  : sky       : [122.50, 123.50]  [0.00e+00]  [0.00e+00]  [0.00e+00]
                                [0.00e+00]  [0.00e+00]  [0.00e+00]
 i  : sky       : [122.50, 123.50]  [0.00e+00]  [0.00e+00]  [0.00e+00]
                                [0.00e+00]  [0.00e+00]  [0.00e+00]
 z  : sky       : [122.50, 123.50]  [0.00e+00]  [0.00e+00]  [0.00e+00]
                                [0.00e+00]  [0.00e+00]  [0.00e+00]
 y  : sky       : [122.50, 123.50]  [0.00e+00]  [0.00e+00]  [0.00e+00]
                                [0.00e+00]  [0.00e+00]  [0.00e+00]
 g  : psf       : (  122.42,   121.96)   18.11
                  (    0.00,     0.00)    0.00
 r  : psf       : (  122.42,   121.96)   17.55
                  (    0.00,     0.00)    0.00
 i  : psf       : (  122.42,   121.96)   17.30
                  (    0.00,     0.00)    0.00
 z  : psf       : (  122.42,   121.96)   17.07
                  (    0.00,     0.00)    0.00
 y  : psf       : (  122.42,   121.96)   16.97
                  (    0.00,     0.00)    0.00
 g  : sersic    : (  122.42,   121.96)   14.51     34.45    0.60    0.72    75.60
                  (    0.00,     0.00)    0.00      0.00    0.00    0.00     0.00
 r  : sersic    : (  122.42,   121.96)   13.95     34.12    0.70    0.72    75.60
                  (    0.00,     0.00)    0.00      0.00    0.00    0.00     0.00
 i  : sersic    : (  122.42,   121.96)   13.64     33.80    0.80    0.72    75.60
                  (    0.00,     0.00)    0.00      0.00    0.00    0.00     0.00
 z  : sersic    : (  122.42,   121.96)   13.47     33.53    0.88    0.72    75.60
                  (    0.00,     0.00)    0.00      0.00    0.00    0.00     0.00
 y  : sersic    : (  122.42,   121.96)   13.24     33.30    0.95    0.72    75.60
                  (    0.00,     0.00)    0.00      0.00    0.00    0.00     0.00
 g  : sersic    : (   54.57,   127.40)   17.07     16.47    0.57    0.31    21.46
                  (    0.00,     0.00)    0.00      0.00    0.00    0.00     0.00
 r  : sersic    : (   54.57,   127.40)   16.54     16.30    0.58    0.31    21.46
                  (    0.00,     0.00)    0.00      0.00    0.00    0.00     0.00
 i  : sersic    : (   54.57,   127.40)   16.18     16.13    0.59    0.31    21.46
                  (    0.00,     0.00)    0.00      0.00    0.00    0.00     0.00
 z  : sersic    : (   54.57,   127.40)   15.98     15.99    0.60    0.31    21.46
                  (    0.00,     0.00)    0.00      0.00    0.00    0.00     0.00
 y  : sersic    : (   54.57,   127.40)   15.78     15.87    0.61    0.31    21.46
                  (    0.00,     0.00)    0.00      0.00    0.00    0.00     0.00
 Chi^2 = 1193083.38279,  ndof = 269089
 Chi^2/nu = 4.434 

-----------------------------------------------------------------------------
